<?xml version="1.0" encoding="UTF-8"?>
<testng-results ignored="0" total="1" passed="1" failed="0" skipped="0">
  <reporter-output>
  </reporter-output>
  <suite started-at="2024-10-11T14:31:16 IST" name="Suite" finished-at="2024-10-11T14:31:23 IST" duration-ms="7332">
    <groups>
    </groups>
    <test started-at="2024-10-11T14:31:16 IST" name="Test" finished-at="2024-10-11T14:31:23 IST" duration-ms="7332">
      <class name="testcases.Test0">
        <test-method signature="verify()[pri:0, instance:testcases.Test0@530712d]" started-at="2024-10-11T14:31:16 IST" name="verify" finished-at="2024-10-11T14:31:23 IST" duration-ms="7285" status="PASS">
          <reporter-output>
          </reporter-output>
        </test-method> <!-- verify -->
      </class> <!-- testcases.Test0 -->
    </test> <!-- Test -->
  </suite> <!-- Suite -->
</testng-results>
